ActionResponse
=========================================================================
- NoRenderParametersTest Test FAILED. 
  Keys for expected and actual map don't match 
  Expected size of the list:0 Actual size of the list:1 Expected Values: Actual Values: mill.context 

- SendRedirectIllegalArgumentExceptionTestPortlet Test FAILED. Redirect is wrong.

- SendRedirectIllegalStateExceptionTest Test FAILED. 
  Redirected after ActionResponse.setRenderParameter() has been called. 

- SendRedirectTest Test PASSED. 
- SetPortletModeAfterSendRedirectTest Test PASSED. 
- SetPortletModeIllegalStateExceptionTest Test FAILED. 
  Redirected after ActionResponse.setPortletMode() throws IllegalStateException.

- SetPortletModeTest Test FAILED. 
  IllegalStateException was not thrown after ActionResponse.setRenderParameter() has been called.

- SetRenderParameterStringArrayIllegalArgumentExceptionTest Test FAILED. 
  IllegalArgumentException was not thrown when using a null key. 

- SetRenderParameterStringArrayTest Test PASSED. 
- SetRenderParameterStringIllegalArgumentExceptionTest Test FAILED. 
  IllegalArgumentException was not thrown when using a null key. 

- SetRenderParameterStringTest Test PASSED. 
- SetRenderParametersIllegalArgumentExceptionTestPortlet Test FAILED.
java.lang.NullPointerException 
at java.util.HashMap.putAll(Unknown Source) 
at org.riverock.webmill.portal.impl.ActionResponseImpl.setRenderParameters(ActionResponseImpl.java:130) 
at com.sun.ts.tests.portlet.api.javax_portlet.ActionResponse.SetRenderParametersIllegalArgumentExceptionTestPortlet.processAction(SetRenderParametersIllegalArgumentExceptionTestPortlet.java:36) 
at org.riverock.webmill.portal.PageElement.processActionPortlet(PageElement.java:151) 
at org.riverock.webmill.portal.TemplateItemAsDynamic.processAction(TemplateItemAsDynamic.java:48) 
at org.riverock.webmill.portal.TemplateItemBaseClass.processActionTemplateItem(TemplateItemBaseClass.java:76) 
at org.riverock.webmill.portal.PortalRequestProcessor.processActionSiteTemplateItems(PortalRequestProcessor.java:135) 
at org.riverock.webmill.portal.PortalRequestProcessor.processPortalRequest(PortalRequestProcessor.java:81) 
at org.riverock.webmill.portal.PortalInstanceImpl.process(PortalInstanceImpl.java:304) 
at org.riverock.webmill.portlet.ContextNavigator.doGet(ContextNavigator.java:68) 

- SetRenderParametersTest Test FAILED. 
  Keys for expected and actual map don't match 
  Expected size of the list:1 Actual size of the list:2 
  Expected Values: SetRenderParametersTest Actual Values: SetRenderParametersTest mill.context 

- SetUndeclaredPortletModeTest Test FAILED. 
  PortletModeException was not thrown when setting a portlet mode 
  that was not declared in the deployment descriptor. 

- SetUndeclaredWindowStateTest Test FAILED. 
  WindowStateException was not thrown when setting a window state 
  that was not declared in the deployment descriptor. 

- SetWindowStateAfterSendRedirectTest Test PASSED. 
- SetWindowStateIllegalStateExceptionTest Test FAILED. 
  Redirected after ActionResponse.setWindowState() throws IllegalStateException. 

Total: 17.  Passed: 5.

http://me.askmore/ctx/ru_RU,me.askmore-dynamic,/ctx?mill.context=GetPortletModeTestPortlet




PortalContext
=========================================================================
- GetPortalInfoTest Test PASSED. 

- GetSupportedPortletModesTest Test FAILED. 
PortalContext.getSupportedPortletModes() returned unexpected results. 
Actual Values don't include expected: 
Expected Values: help view edit Actual Values: view 

- GetSupportedWindowStatesTest Test FAILED. 
PortalContext.getSupportedWindowStates() returned unexpected results. 
Actual Values don't include expected: Expected Values: normal minimized maximized Actual Values: normal 


Total: 3.  Passed: 1.


PortletMode
=========================================================================
PortletModeException
=========================================================================



PortletPreferences
=========================================================================
- RefreshPortlet ????

- GetValueTest Test PASSED. 
- GetValueDefaultTest Test PASSED. 
- GetValueIllegalArgumentExceptionTest Test FAILED. 
  Expected a IllegalArgumentException() to be thrown as the key was null Actual value = Java 

- GetValuesTest Test PASSED. 
- GetValuesDefaultTest Test FAILED. 
  PortletPreference.getValues() did notreturn expected results 
  Expected size of the list:2 Actual size of the list:0 Expected Values: Java Oracle Actual Values: 

- GetValuesIllegalArgumentExceptionTest Test PASSED.

- GetNamesTest Test PASSED. 

- Portlet 'IsModifiableTestPortlet' unavailable. 
4002685 ERROR org.riverock.webmill.portal.PageElement 128 - Portlet 'IsModifiableTestPortlet' unavailable.
java.lang.NoSuchMethodError: javax.portlet.PortletPreferences.isModifiable(Ljava/lang/String;)Z
	at com.sun.ts.tests.portlet.api.javax_portlet.PortletPreferences.IsModifiableTestPortlet.render(IsModifiableTestPortlet.java:38)
	at org.riverock.webmill.portal.PageElement.renderPortlet(PageElement.java:195)

- Portlet 'IsModifiableIllegalArgumentExceptionTestPortlet' unavailable. 
4002685 ERROR org.riverock.webmill.portal.PageElement 128 - Portlet 'IsModifiableTestPortlet' unavailable.
java.lang.NoSuchMethodError: javax.portlet.PortletPreferences.isModifiable(Ljava/lang/String;)Z
	at com.sun.ts.tests.portlet.api.javax_portlet.PortletPreferences.IsModifiableTestPortlet.render(IsModifiableTestPortlet.java:38)
	at org.riverock.webmill.portal.PageElement.renderPortlet(PageElement.java:195)

- ResetIllegalArgumentExceptionTest Test PASSED.

- Portlet 'ResetTestPortlet' unavailable. 
4182323 ERROR org.riverock.webmill.portal.PageElement 131 - Portlet 'ResetTestPortlet' unavailable.
java.lang.IllegalStateException: not implemented
	at org.riverock.webmill.container.portlet.bean.PortletPreferencesImpl.setValue(PortletPreferencesImpl.java:247)
	at com.sun.ts.tests.portlet.api.javax_portlet.PortletPreferences.ResetTestPortlet.render(ResetTestPortlet.java:43)
	at org.riverock.webmill.portal.PageElement.renderPortlet(PageElement.java:195)


- ResetUnmodifiableExceptionTest Test FAILED. 
  Expected UnmodifiableException() to be thrown as the method reset() 
  was invoked for a non-modifiable preference entity 
этот портлет из той же серии что и портлеты которые требуют метод isModifiable() 


- Portlet 'SetValueTestPortlet' unavailable.
4288346 ERROR org.riverock.webmill.portal.PageElement 133 - Portlet 'SetValueTestPortlet' unavailable.
java.lang.IllegalStateException: not implemented
	at org.riverock.webmill.container.portlet.bean.PortletPreferencesImpl.setValue(PortletPreferencesImpl.java:247)
	at com.sun.ts.tests.portlet.api.javax_portlet.PortletPreferences.SetValueTestPortlet.render(SetValueTestPortlet.java:40)
	at org.riverock.webmill.portal.PageElement.renderPortlet(PageElement.java:195)

- Portlet 'SetValueIllegalArgumentExceptionTestPortlet' unavailable. 
java.lang.IllegalStateException: not implemented
	at org.riverock.webmill.container.portlet.bean.PortletPreferencesImpl.setValue(PortletPreferencesImpl.java:247)
	at com.sun.ts.tests.portlet.api.javax_portlet.PortletPreferences.SetValueTestPortlet.render(SetValueTestPortlet.java:40)
	at org.riverock.webmill.portal.PageElement.renderPortlet(PageElement.java:195)

- Portlet 'SetValueUnmodifiableExceptionTestPortlet' unavailable. 

- SetValuesTest Test PASSED. 
- SetValuesIllegalArgumentExceptionTest Test PASSED.

- SetValuesUnmodifiableExceptionTest Test FAILED. 
  Expected a UnmodifiableException() as the setValues() was invoked for a non-modifiable preference entity 

- StoreTestPortlet ????
java.lang.IllegalStateException: not implemented
	at org.riverock.webmill.container.portlet.bean.PortletPreferencesImpl.setValue(PortletPreferencesImpl.java:247)
	at com.sun.ts.tests.portlet.api.javax_portlet.PortletPreferences.StoreTestPortlet.runStoreTest(StoreTestPortlet.java:92)
	at com.sun.ts.tests.portlet.api.javax_portlet.PortletPreferences.StoreTestPortlet.processAction(StoreTestPortlet.java:58)
	at org.riverock.webmill.portal.PageElement.processActionPortlet(PageElement.java:151)

- StoreWithValidatorTestPortlet ????

- StoreWithValidatorExceptionTestPortlet ???

- Portlet 'StoreWithUnsupportedOperationExceptionTestPortlet' unavailable. 

- SetValueWithoutStoreTest Test PASSED. 

- Portlet 'SetValueThruProgramTestPortlet' unavailable. 



Total: 25.  Passed: 9.



PortletSecurityException
=========================================================================
- PortletSecurityExceptionCtr1Test Test PASSED. 
- PortletSecurityExceptionCtr2Test Test PASSED.
- PortletSecurityExceptionCtr3Test Test PASSED. 


Total: 3.  Passed: 3.



PortletSession_appscope
=========================================================================
- GetAttributeNullTest Test PASSED. 
- GetAttributeNamesTest Test PASSED.
- GetAttributeNamesTest Test FAILED.
    PortletSession.getAttributeNames() didn't return expected values.
    
Actual Values don't include expected:
Expected Values:
    object
    object1
Actual Values:
    initParameters
    tckRequestCount
    getAttributeNames
    ProcessActionFinishBeforeRenderTest
    getServerPort
    encodeUrl
    getServerName
    getParameterValues
    getAttribute
    getWriter
    getCharacterEncoding
    getContextPath
    getParameterMap
    getLocale
    getRequestedSessionId
    isCommitted
    isRequestedSessionIdValid
    getParameterNames
    encodeURL
    getBufferSize
    TestResult
    getScheme

- GetAttributeNamesIllegalStateTest Test PASSED.
- GetAttributeTest Test PASSED. 
- GetAttributeTest Test FAILED. PortletSession.getAttribute(object) returned a null result

- GetAttributeIllegalStateTest Test PASSED. 
- RemoveAttributeTest Test PASSED. 
- RemoveAttributeIllegalStateTest Test PASSED. 
- SetAttributeTest Test PASSED. 
- SetAttributeTest Test FAILED. PortletSession.getAttribute(object) returned null 

- SetAttributeIllegalStateTest Test PASSED. 


Total: 12.  Passed: 10.



PortletSession_privatescope
=========================================================================
- GetAttributeNullTestPortlet Test PASSED.
- GetAttributeNamesTest Test PASSED. 
- GetAttributeNamesIllegalStateTest Test PASSED. 
- GetAttributeTest Test PASSED. 
- GetAttributeIllegalStateTest Test PASSED. 
- RemoveAttributeTest Test PASSED. 
- RemoveAttributeIllegalStateTest Test PASSED. 
- SetAttributeTest Test PASSED. 
- SetAttributeIllegalStateTest Test PASSED. 
- CheckSessionAttrInPrivateScopeTest Test PASSED. 
- CheckSessionAttrInPrivateScopeTest Test PASSED. 
- CheckAttributeNameInPrivateScopeTestPortlet ???? (result: /portlet_jp_PortletSession_privatescope_web )


Total: 12.  Passed: 11.



PortletSession_secondapp
=========================================================================
- CheckSessionValueForPortletsInDiffAppTest Test FAILED. 
  Expected value: null 
  Actual value: CheckAttributeNameInPrivateScopeTest 


Total: 7.  Passed: 7.



PortletSession
=========================================================================
- GetAttributeIllegalArgumentExceptionTest Test PASSED. 
- GetAttributeTest Test PASSED. 
- GetAttributeNullTest Test PASSED. 
- GetAttributeIllegalStateTest Test PASSED. 
- GetAttributeNamesTest Test PASSED. 
- GetAttributeNamesIllegalStateTest Test PASSED. 
- RemoveAttributeIllegalArgumentExceptionTest Test PASSED. 
- RemoveAttributeTest Test PASSED. 
- RemoveAttributeIllegalStateTest Test PASSED.
- SetAttributeIllegalArgumentExceptionTest Test PASSED.
- SetAttributeTest Test PASSED
- SetAttributeIllegalStateTest Test PASSED. 
- GetCreationTimeTest Test PASSED. 
- GetIdTest Test PASSED. 
- GetLastAccessedTimeTest Test PASSED.
- GetMaxInactiveIntervalTest Test PASSED. 

- Portlet 'GetMaxInactiveIntervalTimeoutTestPortlet' unavailable. 
8405166 ERROR org.riverock.webmill.portal.PageElement 246 - Portlet 'GetMaxInactiveIntervalTimeoutTestPortlet' unavailable.
java.lang.NoSuchMethodError: javax.portlet.PortletURL.addParameter(Ljava/lang/String;Ljava/lang/String;)V
	at com.sun.ts.tests.portlet.api.javax_portlet.PortletSession.GetMaxInactiveIntervalTimeoutTestPortlet.getPortletURL(GetMaxInactiveIntervalTimeoutTestPortlet.java:84)
	at com.sun.ts.tests.portlet.api.javax_portlet.PortletSession.GetMaxInactiveIntervalTimeoutTestPortlet.render(GetMaxInactiveIntervalTimeoutTestPortlet.java:48)
	at org.riverock.webmill.portal.PageElement.renderPortlet(PageElement.java:195)

- GetPortletContextTest Test PASSED.
- InvalidateTest Test PASSED. 
- IsNewTest Test PASSED. 
- IsNewIllegalStateTest Test PASSED.
- GetCreationTimeIllegalStateTest Test PASSED.  
- InvalidateIllegalStateTest Test PASSED. 
- SetMaxInactiveIntervalTest Test PASSED. 
- CheckSessionValueForPortletsInSameAppTestPortlet ?????? nothing outputed

- CheckSessionValueForPortletsInSameAppTest Test PASSED.
- CheckSessionValueForPortletsInDiffAppTestPortlet ?????? nothing outputed

- CompareHttpAndPortletSessionTestPortlet ?????? nothing outputed

- CompareHttpAndPortletSessionTest Test FAILED. 
  For session attribute testName 
  Expected Value:CompareHttpAndPortletSessionTest
  Actual Value:CheckSessionValueForPortletsInSameAppTest  


- ComparePortletAndHttpSessionTestPortlet ???? result: /portlet_jp_PortletSession_web 

- InvalidateServletAndPortletSessionTest Test FAILED. 
  Portlet session object is still alive even after invalidating servlet session 


Total: 31.  Passed: 22.



PortletSessionUtil
=========================================================================
- DecodeAttributeAppScopeTestPortlet ??? nothing

- DecodeScopeAppScopeTestPortlet ??? nothig

- DecodeAttributePortletScopeTestPortlet ??? nothing

- DecodeScopePortletScopeTestPortlet ??? nothing


Total: 7.  Passed: 7.



PortletURL
=========================================================================
- ProcessActionNotCalledForRenderURLTest Test FAILED. processAction() is invoked for a render URL. 

- Portlet 'AddParameterStringArrayIllegalArgumentExceptionTestPortlet' unavailable.

- Portlet 'AddParameterStringIllegalArgumentExceptionTestPortlet' unavailable.

- AddParameterTest Test FAILED. PortletRequest.getParameter(BestLanguage) returned a null result 

- AddParameterWithValuesTest Test FAILED. 
  PortletRequest.getParameterValues(LANGUAGES returned unexpected results. 
  Expected size of the list:3 Actual size of the list:0 Expected Values: XML JAVA PERL Actual Values: 

- SetParametersIllegalArgumentExceptionTest Test PASSED. 
- SetParametersTest Test FAILED. 
  Keys for expected and actual map don't match Expected size of the list:2 Actual size of the list:1 
  Expected Values: language OS Actual Values: mill.context Values different for key:language Actual list returned is null. 
  Expected list is not 

- SetPortletModeTest Test PASSED. 
- SetPortletModeExceptionTest Test FAILED. 
  Expected PortletModeException() to be thrown as the current portlet does not support this portlet mode 

- SetWindowStateExceptionTest Test PASSED. 



Total: 10.  Passed: 2.






RenderResponse
=========================================================================
- CreateActionURLTest Test PASSED.
- CreateRenderURLTest Test FAILED. Expected result = CreateRenderURLTest Actual result = null 
- Portlet 'EncodeNamespaceTestPortlet' unavailable. 

- EncodeURLTest Test PASSED. 
- FlushBufferTest Test PASSED. 
- FlushFilledBufferTest Test PASSED. 
- GetBufferSizeTest Test PASSED. 
- GetCharacterEncodingTest Test FAILED. PortletRequest.getCharacterEncoding() returned a null result 

- GetContentTypeTest Test FAILED. PortletRequest.getContentType() returned a null

- GetLocaleTest Test PASSED. 
- GetNullContentTypeTest Test PASSED.
- GetPortletOutputStreamAfterGetWriterTest Test PASSED. 
- GetPortletOutputStreamNoContentTypeTest Test FAILED. 
  IllegalStateException was not thrown by RenderResponse.getPortletOutputStream() 
  when no content type has been set using the setContentType method.  

- GetPortletOutputStreamTest Test PASSED. 
- GetWriterAfterGetPortletOutputStreamTest Test PASSED. 
- GetWriterNoContentTypeTest Test FAILED. 
  IllegalStateException was not thrown by RenderResponse.getWriter() 
  when no content type has been set using the setContentType method. 

- GetWriterTest Test PASSED. 
- IsCommittedTest Test PASSED. 
- ResetBufferIllegalStateExceptionTest Test PASSED. 
- ResetBufferTest Test PASSED. 
- ResetIllegalStateExceptionTest Test PASSED. 
- Portlet 'ResetTestPortlet' unavailable. 

- SetBufferSizeIllegalStateExceptionTest Test PASSED. 
- SetBufferSizeTest Test PASSED. 
- SetContentTypeTest Test PASSED. 
- SetInvalidContentTypeTest Test FAILED. anObviouslyInvalidContentType is allowed! 

- Portlet 'ValidIdentifierTestPortlet' unavailable. 


Total: 27.  Passed: 18.



taglib
=========================================================================
- null ActionURLIllegalPortletModeTest Test FAILED. 
  JspException was not thrown when the specified portlet mode was illegal. 

- null ActionURLIllegalWindowStateTest Test FAILED. 
  JspException was not thrown when the specified window state was illegal. 

- ActionURLPortletModeNotSetTest Test PASSED.
- ActionURLPortletModeTest Test FAILED. doView() is called when the portlet mode is EDIT. 

- ActionURLTest Test FAILED. Expected result = ActionURLTest Actual result = null 

- ActionURLVarTest Test FAILED. Expected result = ActionURLVarTest Actual result = null 

- DefineObjectsTest Test FAILED.
    renderRequest:
    Expected result = null
    Actual result = org.riverock.webmill.portal.impl.RenderRequestImpl@1a26ac5
    renderResponse:
    Expected result = null
    Actual result = org.riverock.webmill.portal.impl.RenderResponseImpl@fc912
    portletConfig:
    Expected result = null
    Actual result = org.riverock.webmill.container.impl.PortletConfigImpl@59e8e2

- null RenderURLIllegalPortletModeTest Test FAILED. 
  JspException was not thrown when the specified portlet mode was illegal. 

- null RenderURLIllegalWindowStateTest Test FAILED. 
  JspException was not thrown when the specified window state was illegal. 

- RenderURLPortletModeNotSetTest Test PASSED. 

- RenderURLPortletModeTest Test FAILED. doView() is called when the portlet mode is EDIT. 

- RenderURLTest Test FAILED. Expected result = RenderURLTest Actual result = null 

- RenderURLVarTest Test FAILED. Expected result = RenderURLVarTest Actual result = null 


Total: 13.  Passed: 2.



WindowState
=========================================================================
- EqualsTest Test PASSED.
- HashCodeTest Test PASSED. 
- ToStringTest Test PASSED.
- CheckWindowStateMaxTest Test PASSED. 
- CheckWindowStateMinTest Test PASSED. 
- CheckWindowStateNormalTest Test PASSED. 


Total: 6.  Passed: 6.


WindowStateException
=========================================================================
- WindowStateExceptionCtr1Test Test PASSED.
- WindowStateExceptionCtr2Test Test PASSED.
- WindowStateExceptionCtr3Test Test PASSED. 


Total: 3.  Passed: 3.


